<?xml version="1.0" encoding="UTF-8"?>
<testng-results ignored="0" total="1" passed="1" failed="0" skipped="0">
  <reporter-output>
  </reporter-output>
  <suite started-at="2019-08-05T05:07:14Z" name="Default suite" finished-at="2019-08-05T05:07:33Z" duration-ms="18723">
    <groups>
    </groups>
    <test started-at="2019-08-05T05:07:14Z" name="Default test" finished-at="2019-08-05T05:07:33Z" duration-ms="18723">
      <class name="com.falcon.testscripts.viewpage.ExportFile">
        <test-method is-config="true" signature="intitailizeBrowser()[pri:0, instance:com.falcon.testscripts.viewpage.ExportFile@56620197]" started-at="2019-08-05T05:07:15Z" name="intitailizeBrowser" finished-at="2019-08-05T05:07:26Z" duration-ms="11355" status="PASS">
          <reporter-output>
          </reporter-output>
        </test-method> <!-- intitailizeBrowser -->
        <test-method signature="verifyDownload()[pri:0, instance:com.falcon.testscripts.viewpage.ExportFile@56620197]" started-at="2019-08-05T05:07:26Z" name="verifyDownload" finished-at="2019-08-05T05:07:33Z" duration-ms="7336" status="PASS">
          <reporter-output>
          </reporter-output>
        </test-method> <!-- verifyDownload -->
      </class> <!-- com.falcon.testscripts.viewpage.ExportFile -->
    </test> <!-- Default test -->
  </suite> <!-- Default suite -->
</testng-results>
