<?xml version="1.0" encoding="UTF-8"?>
<testng-results ignored="0" total="1" passed="1" failed="0" skipped="0">
  <reporter-output>
  </reporter-output>
  <suite started-at="2019-09-20T13:31:01Z" name="Default suite" finished-at="2019-09-20T13:31:17Z" duration-ms="15906">
    <groups>
    </groups>
    <test started-at="2019-09-20T13:31:01Z" name="Default test" finished-at="2019-09-20T13:31:17Z" duration-ms="15906">
      <class name="com.atmecs.jetblue.testscripts.HomePage">
        <test-method is-config="true" signature="setup()[pri:0, instance:com.atmecs.jetblue.testscripts.HomePage@222114ba]" started-at="2019-09-20T13:31:01Z" name="setup" finished-at="2019-09-20T13:31:12Z" duration-ms="10619" status="PASS">
          <reporter-output>
          </reporter-output>
        </test-method> <!-- setup -->
        <test-method signature="testWithTouchAction()[pri:0, instance:com.atmecs.jetblue.testscripts.HomePage@222114ba]" started-at="2019-09-20T13:31:12Z" name="testWithTouchAction" finished-at="2019-09-20T13:31:17Z" duration-ms="5256" status="PASS">
          <reporter-output>
          </reporter-output>
        </test-method> <!-- testWithTouchAction -->
      </class> <!-- com.atmecs.jetblue.testscripts.HomePage -->
    </test> <!-- Default test -->
  </suite> <!-- Default suite -->
</testng-results>
