<?xml version="1.0" encoding="UTF-8"?>
<!-- Generated by org.testng.reporters.JUnitXMLReporter -->
<testsuite ignored="3" hostname="ATMECSINDT-030" failures="0" tests="10" name="Test" time="63.915" errors="0" timestamp="02 Aug 2019 10:34:47 GMT">
  <testcase classname="com.falcon.testscripts.viewpage.ToggleDashboard" name="validateToggleDashBoard" time="6.083"/>
  <testcase classname="com.falcon.testscripts.viewpage.ViewPageTest" name="getPassTestResults" time="1.336"/>
  <testcase classname="com.falcon.testscripts.viewpage.SortingTestCaseName" name="sortTestCaseNames" time="7.27"/>
  <testcase classname="com.falcon.testscripts.viewpage.ViewPageTest" name="getPassTestResults" time="1.381"/>
  <testcase classname="com.falcon.testscripts.viewpage.ViewPageTest" name="getPassTestResults" time="6.316"/>
  <testcase classname="com.falcon.testscripts.viewpage.ViewPageTest" name="getPassTestResults" time="4.543"/>
  <testcase classname="com.falcon.testscripts.viewpage.ViewPageTest" name="getFailTestResults" time="1.087"/>
  <testcase classname="com.falcon.testscripts.viewpage.ViewPageTest" name="getFailTestResults" time="1.154"/>
  <testcase classname="com.falcon.testscripts.viewpage.ViewPageTest" name="getFailTestResults" time="1.165"/>
  <testcase classname="com.falcon.testscripts.viewpage.ViewPageTest" name="getFailTestResults" time="1.104"/>
  <testcase classname="com.falcon.testscripts.viewpage.ViewPageTest" name="@AfterTest endTest" time="0.0">
    <ignored/>
  </testcase> <!-- @AfterTest endTest -->
  <testcase classname="com.falcon.testscripts.viewpage.ViewPageTest" name="@AfterTest endTest" time="0.0">
    <ignored/>
  </testcase> <!-- @AfterTest endTest -->
  <testcase classname="com.falcon.testscripts.viewpage.ViewPageTest" name="@AfterTest endTest" time="0.0">
    <ignored/>
  </testcase> <!-- @AfterTest endTest -->
</testsuite> <!-- Test -->
