<?xml version="1.0" encoding="UTF-8"?>
<!-- Generated by org.testng.reporters.JUnitXMLReporter -->
<testsuite ignored="0" hostname="ATMECSINDT-030" failures="0" tests="11" name="Test" time="133.087" errors="0" timestamp="04 Aug 2019 15:24:04 GMT">
  <testcase classname="com.falcon.testscripts.viewpage.ExportFile" name="verifyDownload" time="13.075"/>
  <testcase classname="com.falcon.testscripts.viewpage.SortingTestCaseName" name="sortTestCaseNames" time="11.669"/>
  <testcase classname="com.falcon.testscripts.viewpage.ViewPageTest" name="getPassTestResults" time="2.994"/>
  <testcase classname="com.falcon.testscripts.viewpage.ViewPageTest" name="getPassTestResults" time="13.864"/>
  <testcase classname="com.falcon.testscripts.viewpage.ToggleDashboard" name="validateToggleDashBoard" time="14.743"/>
  <testcase classname="com.falcon.testscripts.viewpage.ViewPageTest" name="getPassTestResults" time="2.572"/>
  <testcase classname="com.falcon.testscripts.viewpage.ViewPageTest" name="getPassTestResults" time="3.035"/>
  <testcase classname="com.falcon.testscripts.viewpage.ViewPageTest" name="getFailTestResults" time="1.261"/>
  <testcase classname="com.falcon.testscripts.viewpage.ViewPageTest" name="getFailTestResults" time="1.355"/>
  <testcase classname="com.falcon.testscripts.viewpage.ViewPageTest" name="getFailTestResults" time="1.314"/>
  <testcase classname="com.falcon.testscripts.viewpage.ViewPageTest" name="getFailTestResults" time="1.497"/>
</testsuite> <!-- Test -->
