<?xml version="1.0" encoding="UTF-8"?>
<testng-results ignored="0" total="1" passed="1" failed="0" skipped="0">
  <reporter-output>
  </reporter-output>
  <suite started-at="2019-08-05T13:51:37Z" name="Default suite" finished-at="2019-08-05T13:51:55Z" duration-ms="18281">
    <groups>
    </groups>
    <test started-at="2019-08-05T13:51:37Z" name="Default test" finished-at="2019-08-05T13:51:55Z" duration-ms="18281">
      <class name="com.falcon.testscripts.viewpage.ExportFile">
        <test-method is-config="true" signature="intitailizeBrowser()[pri:0, instance:com.falcon.testscripts.viewpage.ExportFile@72057ecf]" started-at="2019-08-05T13:51:37Z" name="intitailizeBrowser" finished-at="2019-08-05T13:51:46Z" duration-ms="9288" status="PASS">
          <reporter-output>
          </reporter-output>
        </test-method> <!-- intitailizeBrowser -->
        <test-method signature="verifyDownload()[pri:0, instance:com.falcon.testscripts.viewpage.ExportFile@72057ecf]" started-at="2019-08-05T13:51:46Z" name="verifyDownload" finished-at="2019-08-05T13:51:55Z" duration-ms="8954" status="PASS">
          <reporter-output>
          </reporter-output>
        </test-method> <!-- verifyDownload -->
      </class> <!-- com.falcon.testscripts.viewpage.ExportFile -->
    </test> <!-- Default test -->
  </suite> <!-- Default suite -->
</testng-results>
