<?xml version="1.0" encoding="UTF-8"?>
<testng-results ignored="0" total="1" passed="1" failed="0" skipped="0">
  <reporter-output>
  </reporter-output>
  <suite started-at="2019-07-15T13:24:57Z" name="Default suite" finished-at="2019-07-15T13:25:00Z" duration-ms="2729">
    <groups>
    </groups>
    <test started-at="2019-07-15T13:24:57Z" name="Default test" finished-at="2019-07-15T13:25:00Z" duration-ms="2729">
      <class name="restAssured1.GetInfo">
        <test-method signature="test2()[pri:0, instance:restAssured1.GetInfo@3d299e3]" started-at="2019-07-15T13:24:57Z" name="test2" finished-at="2019-07-15T13:25:00Z" duration-ms="2683" status="PASS">
          <reporter-output>
          </reporter-output>
        </test-method> <!-- test2 -->
      </class> <!-- restAssured1.GetInfo -->
    </test> <!-- Default test -->
  </suite> <!-- Default suite -->
</testng-results>
